"../../../ScrollerProject/Content/doggo/doggoallanimationsmesh_Skeleton.uasset" 0
"../../../ScrollerProject/Content/doggo/doggoallanimations_Anim_Armature_death.uasset" 1
"../../../ScrollerProject/Content/doggo/doggoallanimations_Anim_Armature_idle.uasset" 2
"../../../ScrollerProject/Content/doggo/doggoallanimations_Anim_Armature_Jump.uasset" 3
"../../../ScrollerProject/Content/doggo/doggoallanimations_Anim_Armature_run.uasset" 4
"../../../ScrollerProject/Content/doggo/doggocrouch_Anim_Armature_crouch.uasset" 5
"../../../ScrollerProject/Content/doggo/doggo_animate.uasset" 6
"../../../Engine/Content/EditorBlueprintResources/StandardMacros.uasset" 7
"../../../ScrollerProject/Content/models/boards/Metal_Aluminum_Cast.uasset" 8
"../../../ScrollerProject/Content/models/chair/black_parts.uasset" 9
"../../../ScrollerProject/Content/Materials/chairs/chair.uasset" 10
"../../../ScrollerProject/Content/Materials/chairs/chairNormal.uasset" 11
"../../../ScrollerProject/Content/Materials/chairs/chair_texture.uasset" 12
"../../../ScrollerProject/Content/Materials/chairs/chair_texture_Inst.uasset" 13
"../../../ScrollerProject/Content/models/chair/chair.uasset" 14
"../../../ScrollerProject/Content/models/chair/chairFunnyFloating.uasset" 15
"../../../ScrollerProject/Content/Audio/foley/vampire_noise_edited.uasset" 16
"../../../ScrollerProject/Content/Audio/foley/vampire_noise_edited_Cue.uasset" 17
"../../../ScrollerProject/Content/StarterContent/Textures/T_Perlin_Noise_M.uasset" 18
"../../../ScrollerProject/Content/StarterContent/Textures/T_Water_N.uasset" 19
"../../../ScrollerProject/Content/StarterContent/Materials/Blood.uasset" 20
"../../../ScrollerProject/Content/Geometry/Meshes/1M_Cube.uasset" 21
"../../../ScrollerProject/Content/models/boss/bloos.uasset" 22
"../../../ScrollerProject/Content/models/dog_stickers/UV_witch_doggo.uasset" 23
"../../../ScrollerProject/Content/models/dog_stickers/witch_doggo1.uasset" 24
"../../../ScrollerProject/Content/models/dog_stickers/witch_doggo.uasset" 25
"../../../ScrollerProject/Content/models/vampire/UV_Vampire_body.uasset" 26
"../../../ScrollerProject/Content/models/vampire/body.uasset" 27
"../../../ScrollerProject/Content/models/vampire/cape_hair.uasset" 28
"../../../ScrollerProject/Content/models/vampire/collar.uasset" 29
"../../../ScrollerProject/Content/models/vampire/vampire_vampire_body.uasset" 30
"../../../ScrollerProject/Content/models/boss/Boss.uasset" 31
"../../../ScrollerProject/Content/SideScrollerBP/Game_instance.uasset" 32
"../../../Engine/Content/BasicShapes/BasicShapeMaterial.uasset" 33
"../../../Engine/Content/Functions/Engine_MaterialFunctions01/Opacity/CameraDepthFade.uasset" 34
"../../../Engine/Content/EngineMaterials/T_Default_Material_Grid_M.uasset" 35
"../../../Engine/Content/EngineMaterials/T_Default_Material_Grid_N.uasset" 36
"../../../Engine/Content/EngineMaterials/WorldGridMaterial.uasset" 37
"../../../Engine/Content/BasicShapes/Cube.uasset" 38
"../../../ScrollerProject/Content/Audio/foley/dog_whine_edited.uasset" 39
"../../../ScrollerProject/Content/Audio/foley/dog_whine_edited_Cue.uasset" 40
"../../../ScrollerProject/Content/Audio/foley/licking_sounds_edited.uasset" 41
"../../../ScrollerProject/Content/Audio/foley/licking_sounds_edited_Cue.uasset" 42
"../../../ScrollerProject/Content/doggo/doggotexture.uasset" 43
"../../../ScrollerProject/Content/doggo/fur.uasset" 44
"../../../ScrollerProject/Content/doggo/doggoallanimationsmesh_PhysicsAsset.uasset" 45
"../../../ScrollerProject/Content/doggo/doggoallanimationsmesh.uasset" 46
"../../../Engine/Content/EngineResources/Black.uasset" 47
"../../../ScrollerProject/Content/InfinityBladeEffects/Effects/Masters/M_Add_Sprite_SubUV_Master.uasset" 48
"../../../ScrollerProject/Content/InfinityBladeEffects/Effects/FX_Textures/Smoke/T_Smoke_subUV_01.uasset" 49
"../../../ScrollerProject/Content/InfinityBladeEffects/Effects/FX_Materials/Smoke/M_Smoke_02_Add_6X6_INST.uasset" 50
"../../../ScrollerProject/Content/InfinityBladeEffects/Effects/FX_Cines/cinema03/P_CIN_Dust_drag_01.uasset" 51
"../../../Engine/Plugins/2D/Paper2D/Content/DefaultSpriteMaterial.uasset" 52
"../../../Engine/Plugins/2D/Paper2D/Content/TranslucentUnlitSpriteMaterial.uasset" 53
"../../../ScrollerProject/Content/SideScrollerBP/images/tongue_1.uasset" 54
"../../../ScrollerProject/Content/sprites/tongue_1_Sprite.uasset" 55
"../../../ScrollerProject/Content/SideScrollerBP/images/tongue_2.uasset" 56
"../../../ScrollerProject/Content/sprites/tongue_2_Sprite.uasset" 57
"../../../ScrollerProject/Content/SideScrollerBP/images/tongue_3.uasset" 58
"../../../ScrollerProject/Content/sprites/tongue_3_Sprite.uasset" 59
"../../../ScrollerProject/Content/SideScrollerBP/images/tongue_4.uasset" 60
"../../../ScrollerProject/Content/sprites/tongue_4_Sprite.uasset" 61
"../../../ScrollerProject/Content/SideScrollerBP/images/tongue_5.uasset" 62
"../../../ScrollerProject/Content/sprites/tongue_5_Sprite.uasset" 63
"../../../ScrollerProject/Content/SideScrollerBP/images/tongue_6.uasset" 64
"../../../ScrollerProject/Content/sprites/tongue_6_Sprite.uasset" 65
"../../../ScrollerProject/Content/SideScrollerBP/images/tongue_7.uasset" 66
"../../../ScrollerProject/Content/sprites/tongue_7_Sprite.uasset" 67
"../../../ScrollerProject/Content/SideScrollerBP/images/tongue_8.uasset" 68
"../../../ScrollerProject/Content/sprites/tongue_8_Sprite.uasset" 69
"../../../ScrollerProject/Content/sprites/tongue_attack_flipbook.uasset" 70
"../../../ScrollerProject/Content/SideScrollerBP/Blueprints/SideScrollerCharacter.uasset" 71
"../../../ScrollerProject/Content/SideScrollerBP/Blueprints/SideScrollerGameMode.uasset" 72
"../../../Engine/Content/EngineMaterials/DefaultMaterial.uasset" 73
"../../../Engine/Content/BasicShapes/Cone.uasset" 74
"../../../Engine/Content/BasicShapes/Cylinder.uasset" 75
"../../../Engine/Content/EditorLandscapeResources/DataLayer.uasset" 76
"../../../Engine/Content/EditorMaterials/GizmoMaterial.uasset" 77
"../../../Engine/Content/EditorMaterials/MAT_Groups_Toggle.uasset" 78
"../../../Engine/Content/EditorMaterials/MAT_Groups_Visibility.uasset" 79
"../../../Engine/Content/EditorMaterials/PreviewShadowIndicator.uasset" 80
"../../../Engine/Content/EditorMaterials/PreviewShadowIndicatorMaterial.uasset" 81
"../../../Engine/Content/EditorMaterials/AssetViewer/EpicQuadPanorama_CC+EV1.uasset" 82
"../../../Engine/Content/EditorMaterials/MatineeGroups/MAT_ColorTrack.uasset" 83
"../../../Engine/Content/EditorMaterials/MatineeGroups/MAT_Groups_Anim.uasset" 84
"../../../Engine/Content/EditorMaterials/MatineeGroups/MAT_Groups_AudioMaster.uasset" 85
"../../../Engine/Content/EditorMaterials/MatineeGroups/MAT_Groups_Director.uasset" 86
"../../../Engine/Content/EditorMaterials/MatineeGroups/MAT_Groups_Event.uasset" 87
"../../../Engine/Content/EditorMaterials/MatineeGroups/MAT_Groups_Fade.uasset" 88
"../../../Engine/Content/EditorMaterials/MatineeGroups/MAT_Groups_Float.uasset" 89
"../../../Engine/Content/EditorMaterials/MatineeGroups/MAT_Groups_Move.uasset" 90
"../../../Engine/Content/EditorMaterials/MatineeGroups/MAT_Groups_Slomo.uasset" 91
"../../../Engine/Content/EditorMaterials/MatineeGroups/MAT_Groups_Sound.uasset" 92
"../../../Engine/Content/EditorMaterials/MatineeGroups/MAT_Groups_Vector.uasset" 93
"../../../Engine/Content/EditorMaterials/ParticleSystems/PSysThumbnail_NoImage.uasset" 94
"../../../Engine/Content/EditorMaterials/ParticleSystems/PSysThumbnail_OOD.uasset" 95
"../../../Engine/Content/EditorMaterials/Camera/CineMat.uasset" 96
"../../../Engine/Content/EditorMaterials/Camera/MI_CineMat_Rig.uasset" 97
"../../../Engine/Content/EditorMeshes/Camera/SM_CraneRig_Arm.uasset" 98
"../../../Engine/Content/EditorMeshes/Camera/SM_CraneRig_Base.uasset" 99
"../../../Engine/Content/EditorMeshes/Camera/SM_CraneRig_Body.uasset" 100
"../../../Engine/Content/EditorMeshes/Camera/SM_CraneRig_Mount.uasset" 101
"../../../Engine/Content/EditorMeshes/Camera/SM_RailRig_Mount.uasset" 102
"../../../Engine/Content/EditorMeshes/Camera/SM_RailRig_Track.uasset" 103
"../../../Engine/Content/EditorMeshes/ColorCalibrator/M_ChromeBall.uasset" 104
"../../../Engine/Content/EditorMeshes/ColorCalibrator/M_ClearCoat.uasset" 105
"../../../Engine/Content/EditorMeshes/ColorCalibrator/M_ClearCoatBlack.uasset" 106
"../../../Engine/Content/EditorMeshes/ColorCalibrator/T_ColorGrid.uasset" 107
"../../../Engine/Content/EditorMeshes/ColorCalibrator/M_ColorGrid.uasset" 108
"../../../Engine/Content/EditorMeshes/ColorCalibrator/M_GreyBall.uasset" 109
"../../../Engine/Content/EditorMeshes/ColorCalibrator/SM_ColorCalibrator.uasset" 110
"../../../Engine/Content/EditorResources/BSPVertex.uasset" 111
"../../../Engine/Content/EditorResources/EmptyActor.uasset" 112
"../../../Engine/Content/EditorResources/S_Actor.uasset" 113
"../../../Engine/Content/EditorResources/S_KBSJoint.uasset" 114
"../../../Engine/Content/EditorResources/S_Trigger.uasset" 115
"../../../Engine/Content/EditorResources/AudioIcons/S_AudioComponent_AutoActivate.uasset" 116
"../../../Engine/Content/EditorResources/LightIcons/S_LightError.uasset" 117
"../../../Engine/Content/EditorResources/SequenceRecorder/Countdown.uasset" 118
"../../../Engine/Content/EditorResources/SequenceRecorder/RecordingIndicator.uasset" 119
"../../../Engine/Content/EditorSounds/Notifications/CompileFailed.uasset" 120
"../../../Engine/Content/EditorSounds/Notifications/CompileFailed_Cue.uasset" 121
"../../../Engine/Content/EditorSounds/Notifications/CompileSuccess.uasset" 122
"../../../Engine/Content/EditorSounds/Notifications/CompileStart_Cue.uasset" 123
"../../../Engine/Content/EditorSounds/Notifications/CompileSuccess_Cue.uasset" 124
"../../../Engine/Content/EngineDamageTypes/DmgTypeBP_Environmental.uasset" 125
"../../../Engine/Content/EngineDebugMaterials/HeatmapGradient.uasset" 126
"../../../Engine/Content/EngineDebugMaterials/BoneWeightMaterial.uasset" 127
"../../../Engine/Content/EngineDebugMaterials/ClothMaterial.uasset" 128
"../../../Engine/Content/EngineDebugMaterials/ClothMaterial_WF.uasset" 129
"../../../Engine/Content/EngineDebugMaterials/DebugEditorMaterial.uasset" 130
"../../../Engine/Content/EngineDebugMaterials/DebugMeshMaterial.uasset" 131
"../../../Engine/Content/EngineDebugMaterials/GeomMaterial.uasset" 132
"../../../Engine/Content/EngineFonts/Faces/RobotoBold.uasset" 133
"../../../Engine/Content/EngineFonts/Faces/RobotoBoldItalic.uasset" 134
"../../../Engine/Content/EngineFonts/Faces/RobotoItalic.uasset" 135
"../../../Engine/Content/EngineFonts/Faces/RobotoLight.uasset" 136
"../../../Engine/Content/EngineFonts/Faces/RobotoRegular.uasset" 137
"../../../Engine/Content/EngineFonts/Roboto.uasset" 138
"../../../Engine/Content/EngineFonts/Faces/RobotoTiny.uasset" 139
"../../../Engine/Content/EngineFonts/RobotoTiny.uasset" 140
"../../../Engine/Content/EngineMaterials/DefaultBloomKernel.uasset" 141
"../../../Engine/Content/EngineMaterials/DefaultBokeh.uasset" 142
"../../../Engine/Content/EngineMaterials/DefaultDiffuse.uasset" 143
"../../../Engine/Content/EngineMaterials/DefaultDeferredDecalMaterial.uasset" 144
"../../../Engine/Content/EngineMaterials/DefaultLightFunctionMaterial.uasset" 145
"../../../Engine/Content/Functions/Engine_MaterialFunctions02/Utility/BreakOutFloat2Components.uasset" 146
"../../../Engine/Content/EngineMaterials/DefaultPostProcessMaterial.uasset" 147
"../../../Engine/Content/EngineFonts/RobotoDistanceField.uasset" 148
"../../../Engine/Content/EngineMaterials/DefaultTextMaterialOpaque.uasset" 149
"../../../Engine/Content/EngineMaterials/DefaultWhiteGrid.uasset" 150
"../../../Engine/Content/EngineMaterials/EditorBrushMaterial.uasset" 151
"../../../Engine/Content/EngineMaterials/Good64x64TilingNoiseHighFreq.uasset" 152
"../../../Engine/Content/EngineMaterials/MiniFont.uasset" 153
"../../../Engine/Content/EngineMaterials/InvalidLightmapSettings.uasset" 154
"../../../Engine/Content/EngineMaterials/M_InvalidLightmapSettings.uasset" 155
"../../../Engine/Content/EngineMaterials/PhAT_JointLimitMaterial.uasset" 156
"../../../Engine/Content/EngineMaterials/PreintegratedSkinBRDF.uasset" 157
"../../../Engine/Content/EngineMaterials/RemoveSurfaceMaterial.uasset" 158
"../../../Engine/Content/EngineMaterials/WeightMapPlaceholderTexture.uasset" 159
"../../../Engine/Content/EngineResources/WhiteSquareTexture.uasset" 160
"../../../Engine/Content/EngineMaterials/Widget3DPassThrough.uasset" 161
"../../../Engine/Content/EngineMaterials/Widget3DPassThrough_Masked.uasset" 162
"../../../Engine/Content/EngineMaterials/Widget3DPassThrough_Opaque.uasset" 163
"../../../Engine/Content/EngineMaterials/Widget3DPassThrough_Masked_OneSided.uasset" 164
"../../../Engine/Content/EngineMaterials/Widget3DPassThrough_Opaque_OneSided.uasset" 165
"../../../Engine/Content/EngineMaterials/Widget3DPassThrough_Translucent.uasset" 166
"../../../Engine/Content/EngineMaterials/Widget3DPassThrough_Translucent_OneSided.uasset" 167
"../../../Engine/Content/EngineMeshes/Cube.uasset" 168
"../../../Engine/Content/EngineMeshes/Cylinder.uasset" 169
"../../../Engine/Content/EngineMeshes/Sphere.uasset" 170
"../../../Engine/Content/EngineResources/DefaultTexture.uasset" 171
"../../../Engine/Content/EngineResources/DefaultTextureCube.uasset" 172
"../../../Engine/Content/EngineResources/GradientTexture0.uasset" 173
"../../../Engine/Content/EngineSounds/Master.uasset" 174
"../../../Engine/Content/Functions/Engine_MaterialFunctions01/Shading/ConvertFromDiffSpec.uasset" 175
"../../../Engine/Content/Functions/Engine_MaterialFunctions01/Shading/PowerToRoughness.uasset" 176
"../../../Engine/Content/Maps/Templates/Thumbnails/Default.uasset" 177
"../../../Engine/Content/Maps/Templates/Thumbnails/VR-Basic.uasset" 178
"../../../Engine/Content/MobileResources/T_MobileControls_texture.uasset" 179
"../../../Engine/Content/MobileResources/T_MobileMenu2.uasset" 180
"../../../Engine/Content/MobileResources/HUD/AnalogHat.uasset" 181
"../../../Engine/Content/MobileResources/HUD/VirtualJoystick_Background.uasset" 182
"../../../Engine/Content/MobileResources/HUD/VirtualJoystick_Thumb.uasset" 183
"../../../Engine/Content/MobileResources/HUD/DefaultVirtualJoysticks.uasset" 184
"../../../Engine/Content/MobileResources/HUD/LeftVirtualJoystickOnly.uasset" 185
"../../../Engine/Content/MobileResources/HUD/MobileHUDButton1_off.uasset" 186
"../../../Engine/Content/MobileResources/HUD/MobileHUDButton1_on.uasset" 187
"../../../Engine/Content/MobileResources/HUD/MobileHUDButton2_off.uasset" 188
"../../../Engine/Content/MobileResources/HUD/MobileHUDButton2_on.uasset" 189
"../../../Engine/Content/MobileResources/HUD/MobileHUDButton3.uasset" 190
"../../../Engine/Content/MobileResources/HUD/MobileHUDButtonFire.uasset" 191
"../../../Engine/Content/MobileResources/HUD/MobileHUDDirectionPad.uasset" 192
"../../../Engine/Content/MobileResources/HUD/MobileHUDDirectionPad2.uasset" 193
"../../../Engine/Content/MobileResources/HUD/MobileHUDDirectionPad3.uasset" 194
"../../../Engine/Content/MobileResources/HUD/MobileHUDDirectionStick.uasset" 195
"../../../Engine/Content/MobileResources/HUD/T_Castle_ThumbstickInner.uasset" 196
"../../../Engine/Content/MobileResources/HUD/T_Castle_ThumbstickOutter.uasset" 197
"../../../Engine/Content/Tutorial/ContentIntroCurve.uasset" 198
"../../../Engine/Content/Tutorial/Basics/TutorialAssets/CameraActor_64x.uasset" 199
"../../../Engine/Content/Tutorial/Basics/TutorialAssets/icon_tab_Levels_40x.uasset" 200
"../../../Engine/Content/Tutorial/BlueprintTutorials/TutorialAssets/BlueprintInterface_64x.uasset" 201
"../../../Engine/Content/Tutorial/BlueprintTutorials/TutorialAssets/BlueprintMacroLibrary_64x.uasset" 202
"../../../Engine/Content/Tutorial/BlueprintTutorials/TutorialAssets/Blueprint_64x.uasset" 203
"../../../Engine/Content/Tutorial/BlueprintTutorials/TutorialAssets/Tutorial_BP_Interface.uasset" 204
"../../../Engine/Content/Tutorial/Foliage/TutorialAssets/Foliage.uasset" 205
"../../../Engine/Content/Tutorial/Landscape/TutorialAssets/Landscape.uasset" 206
"../../../Engine/Content/Tutorial/Paper2D/TutorialAssets/Paper2DFlipbook_TutorialIcon.uasset" 207
"../../../Engine/Content/Tutorial/Paper2D/TutorialAssets/Paper2DSprite_TutorialIcon.uasset" 208
"../../../Engine/Content/Tutorial/SubEditors/TutorialAssets/icon_Editor_Preferences_General_40x.uasset" 209
"../../../Engine/Content/Tutorial/SubEditors/TutorialAssets/icon_ShowSkeletalMeshes_40x.uasset" 210
"../../../Engine/Content/Tutorial/SubEditors/TutorialAssets/TutorialMaterial.uasset" 211
"../../../Engine/Content/Tutorial/SubEditors/TutorialAssets/T_SmokeSubUV_8X8.uasset" 212
"../../../Engine/Content/Tutorial/SubEditors/TutorialAssets/T_soft_smoke.uasset" 213
"../../../Engine/Content/Tutorial/SubEditors/TutorialAssets/M_smoke_subUV_blackbody.uasset" 214
"../../../Engine/Content/Tutorial/SubEditors/TutorialAssets/TutorialParticleSystem.uasset" 215
"../../../Engine/Content/EditorMeshes/EditorCube.uasset" 216
"../../../Engine/Content/Tutorial/SubEditors/TutorialAssets/Tutorial_DM.uasset" 217
"../../../Engine/Content/VREditor/Devices/Generic/GenericHMDMaterial.uasset" 218
"../../../Engine/Content/VREditor/Devices/Generic/GenericHMD.uasset" 219
"../../../Engine/Content/VREditor/FloatingText/LineMaterial.uasset" 220
"../../../Engine/Content/VREditor/FloatingText/JointSphere.uasset" 221
"../../../Engine/Content/VREditor/FloatingText/LineSegmentCylinder.uasset" 222
"../../../Engine/Content/VREditor/Fonts/VRText_RobotoLarge.uasset" 223
"../../../Engine/Content/VREditor/Fonts/VRTextMaterial.uasset" 224
"../../../Engine/Content/VREditor/Fonts/TranslucentVRTextMaterial.uasset" 225
"../../../Engine/Content/VREditor/LaserPointer/CursorPointer.uasset" 226
"../../../Engine/Content/VREditor/LaserPointer/VR_LaserPower_01.uasset" 227
"../../../Engine/Content/VREditor/TransformGizmo/TransformGizmoMaterial.uasset" 228
"../../../Engine/Content/VREditor/LaserPointer/HoverMaterial.uasset" 229
"../../../Engine/Content/VREditor/TransformGizmo/TranslucentTransformGizmoMaterial.uasset" 230
"../../../Engine/Content/VREditor/LaserPointer/TranslucentHoverMaterial.uasset" 231
"../../../Engine/Content/VREditor/LaserPointer/HoverMesh.uasset" 232
"../../../Engine/Content/VREditor/LaserPointer/LaserPointerMaterial.uasset" 233
"../../../Engine/Content/VREditor/LaserPointer/LaserPointerMaterialInst.uasset" 234
"../../../Engine/Content/VREditor/LaserPointer/TranslucentLaserPointerMaterialInst.uasset" 235
"../../../Engine/Content/VREditor/LaserPointer/LaserPointerMesh.uasset" 236
"../../../Engine/Content/VREditor/LaserPointer/LaserPointerMesh_End.uasset" 237
"../../../Engine/Content/VREditor/LaserPointer/LaserPointerMesh_Start.uasset" 238
"../../../Engine/Content/Functions/Engine_MaterialFunctions02/Utility/BreakOutFloat3Components.uasset" 239
"../../../Engine/Content/Functions/Engine_MaterialFunctions02/Math/Transform3x3Matrix.uasset" 240
"../../../Engine/Content/Functions/Engine_MaterialFunctions02/SplitComponents.uasset" 241
"../../../Engine/Content/Functions/Engine_MaterialFunctions02/Utility/MakeFloat3.uasset" 242
"../../../Engine/Content/VREditor/SnapGrid/SnapGridMaterial.uasset" 243
"../../../Engine/Content/VREditor/SnapGrid/SnapGridPlaneMesh.uasset" 244
"../../../Engine/Content/VREditor/Sounds/VR_teleport.uasset" 245
"../../../Engine/Content/VREditor/Sounds/UI/Click_on_Button_Cue.uasset" 246
"../../../Engine/Content/VREditor/Sounds/UI/Dockable_Window_Close.uasset" 247
"../../../Engine/Content/VREditor/Sounds/UI/Dockable_Window_Drop.uasset" 248
"../../../Engine/Content/VREditor/Sounds/UI/Dockable_Window_Open.uasset" 249
"../../../Engine/Content/VREditor/Sounds/UI/Dockable_Window_Pick_Up.uasset" 250
"../../../Engine/Content/VREditor/Sounds/UI/Drop_Item_From_ContentBrowser.uasset" 251
"../../../Engine/Content/VREditor/Sounds/UI/Floating_UI_Open-001.uasset" 252
"../../../Engine/Content/VREditor/Sounds/UI/Gizmo_Handle_Clicked.uasset" 253
"../../../Engine/Content/VREditor/Sounds/UI/Object_PickUp.uasset" 254
"../../../Engine/Content/VREditor/Sounds/UI/Object_Snaps_To_Another_Actor.uasset" 255
"../../../Engine/Content/VREditor/Sounds/UI/Object_Snaps_To_Grid.uasset" 256
"../../../Engine/Content/VREditor/Sounds/UI/Radial_Menu_FadeOut.uasset" 257
"../../../Engine/Content/VREditor/Sounds/UI/Scaling_Down.uasset" 258
"../../../Engine/Content/VREditor/Sounds/UI/Scaling_Up.uasset" 259
"../../../Engine/Content/VREditor/Sounds/UI/Selection_Changes.uasset" 260
"../../../Engine/Content/VREditor/Sounds/UI/Teleport_Mode_Entered.uasset" 261
"../../../Engine/Content/VREditor/Teleport/TeleportDirectionMaterial.uasset" 262
"../../../Engine/Content/VREditor/Teleport/TeleportDirectionMaterial_Inst.uasset" 263
"../../../Engine/Content/VREditor/Teleport/TeleportDirectionMesh.uasset" 264
"../../../Engine/Content/VREditor/TransformGizmo/BoundingBoxCorner.uasset" 265
"../../../Engine/Content/VREditor/TransformGizmo/BoundingBoxEdge.uasset" 266
"../../../Engine/Content/VREditor/TransformGizmo/PlaneTranslationHandle.uasset" 267
"../../../Engine/Content/VREditor/TransformGizmo/RotationHandleFull.uasset" 268
"../../../Engine/Content/VREditor/TransformGizmo/RotationHandleIndicator.uasset" 269
"../../../Engine/Content/VREditor/TransformGizmo/RotationHandleQuarter.uasset" 270
"../../../Engine/Content/VREditor/TransformGizmo/Main.uasset" 271
"../../../Engine/Content/VREditor/TransformGizmo/Xray.uasset" 272
"../../../Engine/Content/VREditor/TransformGizmo/SM_Dialog_Close.uasset" 273
"../../../Engine/Content/VREditor/TransformGizmo/SM_Dialog_Move.uasset" 274
"../../../Engine/Content/VREditor/TransformGizmo/SM_Sequencer_Key.uasset" 275
"../../../Engine/Content/VREditor/TransformGizmo/StartRotationHandleIndicator.uasset" 276
"../../../Engine/Content/VREditor/TransformGizmo/TranslucentTransformGizmoMaterial_Inst.uasset" 277
"../../../Engine/Content/VREditor/TransformGizmo/TransformGizmoFreeRotation.uasset" 278
"../../../Engine/Content/VREditor/TransformGizmo/TransformGizmoMaterial_Inst.uasset" 279
"../../../Engine/Content/VREditor/TransformGizmo/TranslateArrowHandle.uasset" 280
"../../../Engine/Content/VREditor/TransformGizmo/UniformScaleHandle.uasset" 281
"../../../Engine/Content/VREditor/UI/KeyDiskMaterial.uasset" 282
"../../../Engine/Content/VREditor/UI/DiscMaterial.uasset" 283
"../../../Engine/Content/VREditor/UI/SM_Radial_Disk.uasset" 284
"../../../Engine/Content/Functions/Engine_MaterialFunctions01/Gradient/RadialGradient.uasset" 285
"../../../Engine/Content/VREditor/WorldMovementGrid/SimpleGrid.uasset" 286
"../../../Engine/Content/VREditor/WorldMovementGrid/GridMaterial.uasset" 287
"../../../Engine/Content/Functions/Engine_MaterialFunctions01/Density/ExponentialDensity.uasset" 288
"../../../Engine/Content/VREditor/WorldMovementGrid/GridPostProcess.uasset" 289
"../../../Engine/Content/EditorLandscapeResources/FlattenHeightMat.uasset" 290
"../../../Engine/Content/VREditor/WorldMovementGrid/PlaneMesh.uasset" 291
"../../../Engine/Plugins/2D/Paper2D/Content/PlaceholderTextures/DummySpriteTexture.uasset" 292
"../../../Engine/Plugins/2D/Paper2D/Content/DummySprite.uasset" 293
"../../../Engine/Plugins/2D/Paper2D/Content/DefaultPaperTerrainMaterial.uasset" 294
"../../../Engine/Plugins/2D/Paper2D/Content/MaskedUnlitSpriteMaterial.uasset" 295
"../../../Engine/Plugins/2D/Paper2D/Content/OpaqueUnlitSpriteMaterial.uasset" 296
"../../../Engine/Plugins/Runtime/Oculus/OculusVR/Content/Textures/GearVRController_AO.uasset" 297
"../../../Engine/Plugins/Runtime/Oculus/OculusVR/Content/Textures/GearVRController_Color.uasset" 298
"../../../Engine/Plugins/Runtime/Oculus/OculusVR/Content/Textures/GearVRController_Normal.uasset" 299
"../../../Engine/Plugins/Runtime/Oculus/OculusVR/Content/Materials/GearVRControllerMaterial.uasset" 300
"../../../Engine/Plugins/Runtime/Oculus/OculusVR/Content/Meshes/GearVrController.uasset" 301
"../../../ScrollerProject/Content/models/pizzaBox/pizza_box_v2_Object004_Skeleton.uasset" 302
"../../../ScrollerProject/Content/models/pizzaBox/pizza_box_v2_Object004_Anim.uasset" 303
"../../../ScrollerProject/Content/Audio/foley/pizza_box_sound_edited.uasset" 304
"../../../ScrollerProject/Content/Audio/foley/pizza_box_sound_edited_Cue.uasset" 305
"../../../ScrollerProject/Content/models/pizzaBox/UV_pbox_bottom.uasset" 306
"../../../ScrollerProject/Content/models/pizzaBox/Material__30.uasset" 307
"../../../ScrollerProject/Content/models/pizzaBox/UV_pbox_top.uasset" 308
"../../../ScrollerProject/Content/models/pizzaBox/Material__31.uasset" 309
"../../../ScrollerProject/Content/models/pizzaBox/UV_pbox_edge.uasset" 310
"../../../ScrollerProject/Content/models/pizzaBox/Material__32.uasset" 311
"../../../ScrollerProject/Content/models/pizzaBox/pizza_box_v2_Box002_PhysicsAsset.uasset" 312
"../../../ScrollerProject/Content/models/pizzaBox/pizza_box_v2_Box002_Skeleton.uasset" 313
"../../../ScrollerProject/Content/models/pizzaBox/pizza_box_v2_Object001_PhysicsAsset.uasset" 314
"../../../ScrollerProject/Content/models/pizzaBox/pizza_box_v2_Object001_Skeleton.uasset" 315
"../../../ScrollerProject/Content/models/pizzaBox/pizza_box_v2_Object004_PhysicsAsset.uasset" 316
"../../../ScrollerProject/Content/models/pizzaBox/pizza_box_v2.uasset" 317
"../../../ScrollerProject/Content/models/glassWindow/trampoline.uasset" 318
"../../../ScrollerProject/Content/InfinityBladeEffects/Effects/FX_Textures/Gradient/T_Hammered.uasset" 319
"../../../ScrollerProject/Content/InfinityBladeEffects/Effects/FX_Materials/Gradient/M_Opaque_Hammer_Spin.uasset" 320
"../../../ScrollerProject/Content/InfinityBladeEffects/Effects/Masters/M_Add_Sprite_Master_DepthFade.uasset" 321
"../../../ScrollerProject/Content/InfinityBladeEffects/Effects/FX_Textures/Gradient/T_starFlare_01.uasset" 322
"../../../ScrollerProject/Content/InfinityBladeEffects/Effects/FX_Materials/Gradient/M_Flare_01_INST.uasset" 323
"../../../ScrollerProject/Content/InfinityBladeEffects/Effects/Masters/M_Add_Sprite_2Sided_Master.uasset" 324
"../../../ScrollerProject/Content/InfinityBladeEffects/Effects/FX_Textures/Gradient/T_SwipeTrail.uasset" 325
"../../../ScrollerProject/Content/InfinityBladeEffects/Effects/FX_Materials/Trails/M_Swipe_Mesh_Add_2Sided_01_INST.uasset" 326
"../../../ScrollerProject/Content/InfinityBladeEffects/Effects/FX_Meshes/Skills/SM_SwipeTrail.uasset" 327
"../../../ScrollerProject/Content/InfinityBladeEffects/Effects/FX_Meshes/Skills/SM_TerminusHammer.uasset" 328
"../../../ScrollerProject/Content/InfinityBladeEffects/Effects/FX_Mobile/Fire/combat/P_TraceMagic_Fire_Hammer_01.uasset" 329
"../../../ScrollerProject/Content/SideScrollerBP/Blueprints/hammer.uasset" 330
"../../../Engine/Content/Functions/Engine_MaterialFunctions02/Utility/BlendAngleCorrectedNormals.uasset" 331
"../../../Engine/Content/Functions/MaterialLayerFunctions/MatLayerBlend_NormalBlend.uasset" 332
"../../../Engine/Content/Functions/MaterialLayerFunctions/MatLayerBlend_Simple.uasset" 333
"../../../ScrollerProject/Content/Mannequin/Character/Materials/MaterialLayers/T_ML_Rubber_Blue_01_D.uasset" 334
"../../../ScrollerProject/Content/Mannequin/Character/Materials/MaterialLayers/T_ML_Rubber_Blue_01_N.uasset" 335
"../../../ScrollerProject/Content/Mannequin/Character/Materials/MaterialLayers/ML_GlossyBlack_Latex_UE4.uasset" 336
"../../../ScrollerProject/Content/Mannequin/Character/Materials/MaterialLayers/ML_Plastic_Shiny_Beige.uasset" 337
"../../../ScrollerProject/Content/Mannequin/Character/Textures/UE4_LOGO_CARD.uasset" 338
"../../../ScrollerProject/Content/Mannequin/Character/Materials/MaterialLayers/ML_Plastic_Shiny_Beige_LOGO.uasset" 339
"../../../ScrollerProject/Content/Mannequin/Character/Materials/MaterialLayers/T_ML_Aluminum01.uasset" 340
"../../../ScrollerProject/Content/Mannequin/Character/Materials/MaterialLayers/T_ML_Aluminum01_N.uasset" 341
"../../../ScrollerProject/Content/Mannequin/Character/Materials/MaterialLayers/ML_SoftMetal_UE4.uasset" 342
"../../../ScrollerProject/Content/Mannequin/Character/Textures/UE4_Mannequin__normals.uasset" 343
"../../../ScrollerProject/Content/Mannequin/Character/Textures/UE4_Mannequin_MAT_MASKA.uasset" 344
"../../../ScrollerProject/Content/Mannequin/Character/Materials/M_UE4Man_Body.uasset" 345
"../../../ScrollerProject/Content/Mannequin/Character/Textures/UE4Man_Logo_N.uasset" 346
"../../../ScrollerProject/Content/Mannequin/Character/Materials/M_UE4Man_ChestLogo.uasset" 347
"../../../ScrollerProject/Content/Mannequin/Character/Mesh/SK_Mannequin_PhysicsAsset.uasset" 348
"../../../ScrollerProject/Content/Mannequin/Character/Mesh/UE4_Mannequin_Skeleton.uasset" 349
"../../../ScrollerProject/Content/Mannequin/Character/Mesh/SK_Mannequin.uasset" 350
"../../../ScrollerProject/Content/SideScrollerBP/bps/ParentClass.uasset" 351
"../../../ScrollerProject/Content/Materials/hurt.uasset" 352
"../../../ScrollerProject/Content/models/roomba/roomba_uv.uasset" 353
"../../../ScrollerProject/Content/models/roomba/Material__47.uasset" 354
"../../../ScrollerProject/Content/Audio/foley/roomba_noise_edited.uasset" 355
"../../../ScrollerProject/Content/Audio/foley/roomba_noise_edited_Cue.uasset" 356
"../../../ScrollerProject/Content/models/roomba/roomba.uasset" 357
"../../../ScrollerProject/Content/StarterContent/Audio/Explosion01.uasset" 358
"../../../ScrollerProject/Content/StarterContent/Textures/T_Burst_M.uasset" 359
"../../../ScrollerProject/Content/StarterContent/Particles/Materials/M_Burst.uasset" 360
"../../../ScrollerProject/Content/StarterContent/Textures/T_Explosion_SubUV.uasset" 361
"../../../ScrollerProject/Content/StarterContent/Particles/Materials/M_explosion_subUV.uasset" 362
"../../../ScrollerProject/Content/StarterContent/Particles/Materials/m_flare_01.uasset" 363
"../../../ScrollerProject/Content/StarterContent/Particles/Materials/M_radial_ramp.uasset" 364
"../../../ScrollerProject/Content/StarterContent/Textures/T_Smoke_SubUV.uasset" 365
"../../../ScrollerProject/Content/StarterContent/Textures/T_Smoke_Tiled_D.uasset" 366
"../../../ScrollerProject/Content/StarterContent/Particles/Materials/M_smoke_subUV.uasset" 367
"../../../ScrollerProject/Content/StarterContent/Particles/P_Explosion.uasset" 368
"../../../ScrollerProject/Content/SideScrollerBP/bps/walkingBadGuy_test.uasset" 369
"../../../ScrollerProject/Content/models/bag/UV_bag.uasset" 370
"../../../ScrollerProject/Content/models/bag/catbag.uasset" 371
"../../../ScrollerProject/Content/Audio/foley/plastic_bag_edited.uasset" 372
"../../../ScrollerProject/Content/Audio/foley/plastic_bag_edited_Cue.uasset" 373
"../../../ScrollerProject/Content/models/bag/handle.uasset" 374
"../../../ScrollerProject/Content/models/bag/cat_bag.uasset" 375
"../../../ScrollerProject/Content/SideScrollerBP/bps/bag_enemy.uasset" 376
"../../../ScrollerProject/Content/sprites/fire_sprite.uasset" 377
"../../../ScrollerProject/Content/sprites/fire_sprite_Sprite_17.uasset" 378
"../../../ScrollerProject/Content/sprites/fire_sprite_Sprite_18.uasset" 379
"../../../ScrollerProject/Content/sprites/fire_sprite_Sprite_19.uasset" 380
"../../../ScrollerProject/Content/sprites/fire_sprite_Sprite_20.uasset" 381
"../../../ScrollerProject/Content/sprites/fire_sprite_Sprite_21.uasset" 382
"../../../ScrollerProject/Content/sprites/fire_sprite_Sprite_22.uasset" 383
"../../../ScrollerProject/Content/sprites/fire_sprite_Sprite_23.uasset" 384
"../../../ScrollerProject/Content/sprites/fire_sprite_Sprite_24.uasset" 385
"../../../ScrollerProject/Content/sprites/fire_sprite_flipbook.uasset" 386
"../../../ScrollerProject/Content/StarterContent/Audio/Fire01_Cue.uasset" 387
"../../../ScrollerProject/Content/SideScrollerBP/bps/hazard_enemy.uasset" 388
"../../../Engine/Content/EngineSky/C_Sky_Cloud_Color.uasset" 389
"../../../Engine/Content/EngineSky/C_Sky_Horizon_Color.uasset" 390
"../../../Engine/Content/EngineSky/C_Sky_Zenith_Color.uasset" 391
"../../../Engine/Content/EngineSky/T_Sky_Blue.uasset" 392
"../../../Engine/Content/EngineSky/T_Sky_Clouds_M.uasset" 393
"../../../Engine/Content/EngineSky/T_Sky_Stars.uasset" 394
"../../../Engine/Content/EngineSky/M_Sky_Panning_Clouds2.uasset" 395
"../../../Engine/Content/EngineSky/SM_SkySphere.uasset" 396
"../../../Engine/Content/EngineSky/BP_Sky_Sphere.uasset" 397
"../../../ScrollerProject/Content/Ghost/ghost_normals.uasset" 398
"../../../ScrollerProject/Content/Ghost/Ghost_Texture.uasset" 399
"../../../ScrollerProject/Content/Ghost/ghost_Material.uasset" 400
"../../../ScrollerProject/Content/Ghost/Ghost.uasset" 401
"../../../ScrollerProject/Content/Ghost/Azghost.uasset" 402
"../../../ScrollerProject/Content/Ghost/Ghost_Model.uasset" 403
"../../../ScrollerProject/Content/Ghost/Enemy_Ghost.uasset" 404
"../../../ScrollerProject/Content/models/eyeball/googley_eye_texture.uasset" 405
"../../../ScrollerProject/Content/models/eyeball/eye.uasset" 406
"../../../ScrollerProject/Content/models/eyeball/googley_eye_eye.uasset" 407
"../../../ScrollerProject/Content/models/eyeball/UV_googly_pupil.uasset" 408
"../../../ScrollerProject/Content/models/eyeball/pupil.uasset" 409
"../../../ScrollerProject/Content/models/eyeball/googley_eye_pupil.uasset" 410
"../../../ScrollerProject/Content/models/eyeball/Eyeball.uasset" 411
"../../../ScrollerProject/Content/Audio/foley/fence_fall_edited.uasset" 412
"../../../ScrollerProject/Content/Audio/foley/fence_fall_edited_Cue.uasset" 413
"../../../ScrollerProject/Content/Gate/fence_normals.uasset" 414
"../../../ScrollerProject/Content/Gate/fence_texture.uasset" 415
"../../../ScrollerProject/Content/Gate/fence_material.uasset" 416
"../../../ScrollerProject/Content/Gate/fence_model.uasset" 417
"../../../ScrollerProject/Content/models/gate/gate.uasset" 418
"../../../ScrollerProject/Content/Audio/dog_bark_attenutation.uasset" 419
"../../../ScrollerProject/Content/Audio/foley/dog_bark_low_pitch.uasset" 420
"../../../ScrollerProject/Content/Audio/foley/dog_bark_low_pitch_Cue.uasset" 421
"../../../ScrollerProject/Content/models/dogStickers/dogUVTextures.uasset" 422
"../../../ScrollerProject/Content/models/dogStickers/Material__2.uasset" 423
"../../../ScrollerProject/Content/models/dogStickers/dogSticker3d_Plane001.uasset" 424
"../../../ScrollerProject/Content/SideScrollerBP/comic.uasset" 425
"../../../ScrollerProject/Content/SideScrollerBP/Font.uasset" 426
"../../../ScrollerProject/Content/SideScrollerBP/Widgets/foam_sticker_ui_2.uasset" 427
"../../../ScrollerProject/Content/models/gate/buttonGate.uasset" 428
"../../../ScrollerProject/Content/Checkpoint/Bottom_Texture.uasset" 429
"../../../ScrollerProject/Content/Checkpoint/Bottom_Material.uasset" 430
"../../../ScrollerProject/Content/Checkpoint/bottom.uasset" 431
"../../../ScrollerProject/Content/Checkpoint/Cover_Texture.uasset" 432
"../../../ScrollerProject/Content/Checkpoint/box-cover-texture_Mat.uasset" 433
"../../../ScrollerProject/Content/Checkpoint/cover.uasset" 434
"../../../ScrollerProject/Content/models/glassWindow/checkPoint.uasset" 435
"../../../Engine/Content/Functions/Engine_MaterialFunctions01/Gradient/LinearGradient.uasset" 436
"../../../Engine/Content/Functions/Engine_MaterialFunctions01/ImageAdjustment/CheapContrast.uasset" 437
"../../../Engine/Content/Functions/Engine_MaterialFunctions02/Fresnel_Function.uasset" 438
"../../../ScrollerProject/Content/Materials/window_water/rain_normals.uasset" 439
"../../../ScrollerProject/Content/Materials/window_water/raindrop_alpha.uasset" 440
"../../../ScrollerProject/Content/Materials/window_water/window_normals.uasset" 441
"../../../ScrollerProject/Content/Materials/window_water/water.uasset" 442
"../../../ScrollerProject/Content/StarterContent/Textures/T_Concrete_Tiles_D.uasset" 443
"../../../ScrollerProject/Content/StarterContent/Textures/T_Concrete_Tiles_M.uasset" 444
"../../../ScrollerProject/Content/StarterContent/Textures/T_Concrete_Tiles_N.uasset" 445
"../../../ScrollerProject/Content/StarterContent/Textures/T_Concrete_Tiles_Variation_M.uasset" 446
"../../../ScrollerProject/Content/StarterContent/Textures/T_MacroVariation.uasset" 447
"../../../ScrollerProject/Content/StarterContent/Materials/M_Concrete_Tiles.uasset" 448
"../../../ScrollerProject/Content/StarterContent/Materials/M_Metal_Brushed_Nickel.uasset" 449
"../../../ScrollerProject/Content/models/glassWindow/window.uasset" 450
"../../../ScrollerProject/Content/models/glassWindow/genericSpline.uasset" 451
"../../../ScrollerProject/Content/Witch/Texture_Witch.uasset" 452
"../../../ScrollerProject/Content/Witch/Texture_Witch_Mat.uasset" 453
"../../../ScrollerProject/Content/Witch/Texture_Witch_Mat_Inst.uasset" 454
"../../../ScrollerProject/Content/Audio/foley/witch_cackle_edited.uasset" 455
"../../../ScrollerProject/Content/Audio/foley/witch_cackle_edited_Cue.uasset" 456
"../../../ScrollerProject/Content/InfinityBladeEffects/Effects/Masters/M_Trans_Sprite_SubUV_Master_DepthFade.uasset" 457
"../../../ScrollerProject/Content/InfinityBladeEffects/Effects/FX_Materials/Smoke/M_Smoke_02_Trans_6X6_INST.uasset" 458
"../../../ScrollerProject/Content/InfinityBladeEffects/Effects/FX_Monsters/FX_Monster_SpiderBoss/Impact/P_SpiderChargeDust.uasset" 459
"../../../ScrollerProject/Content/Witch/Enemy_inflatable-witch.uasset" 460
"../../../ScrollerProject/Content/models/glassWindow/killingBlock.uasset" 461
"../../../ScrollerProject/Content/models/glassWindow/LightBlueprint.uasset" 462
"../../../ScrollerProject/Content/models/book/book2_uvs.uasset" 463
"../../../ScrollerProject/Content/models/book/Material__48.uasset" 464
"../../../ScrollerProject/Content/models/book/book_uv.uasset" 465
"../../../ScrollerProject/Content/models/book/Material__47.uasset" 466
"../../../ScrollerProject/Content/models/book/book_platform.uasset" 467
"../../../ScrollerProject/Content/models/glassWindow/platformer.uasset" 468
"../../../ScrollerProject/Content/models/PLANTS/PLANT.uasset" 469
"../../../ScrollerProject/Content/models/PLANTS/PLANTmASK.uasset" 470
"../../../ScrollerProject/Content/models/PLANTS/PLANTNormal.uasset" 471
"../../../ScrollerProject/Content/models/PLANTS/plantAsset.uasset" 472
"../../../ScrollerProject/Content/StarterContent/Materials/Plant_pot.uasset" 473
"../../../ScrollerProject/Content/StarterContent/Materials/plantPotInstance.uasset" 474
"../../../Engine/Content/BasicShapes/Plane.uasset" 475
"../../../ScrollerProject/Content/models/pot/pot_Cylinder001.uasset" 476
"../../../ScrollerProject/Content/models/pot/pot_Cylinder002.uasset" 477
"../../../ScrollerProject/Content/models/pot/potBP.uasset" 478
"../../../ScrollerProject/Content/StarterContent/Materials/M_Basic_Wall.uasset" 479
"../../../ScrollerProject/Content/Audio/foley/cartoon_bite_sound_edited.uasset" 480
"../../../ScrollerProject/Content/Audio/foley/cartoon_bite_sound_edited_Cue.uasset" 481
"../../../ScrollerProject/Content/InfinityBladeEffects/Effects/FX_Textures/Gradient/T_SoftFallOff.uasset" 482
"../../../ScrollerProject/Content/InfinityBladeEffects/Effects/FX_Materials/Gradient/M_Flare_03_INST.uasset" 483
"../../../ScrollerProject/Content/InfinityBladeEffects/Effects/Masters/M_Add_Sprite_Master.uasset" 484
"../../../ScrollerProject/Content/InfinityBladeEffects/Effects/FX_Textures/Gradient/T_BlastHalf.uasset" 485
"../../../ScrollerProject/Content/InfinityBladeEffects/Effects/FX_Materials/Gradient/M_Flare_Vertical_01_INST.uasset" 486
"../../../ScrollerProject/Content/InfinityBladeEffects/Effects/FX_Ambient/UI_MainMenu/P_Map_Glow_01.uasset" 487
"../../../ScrollerProject/Content/models/bone/bone_final.uasset" 488
"../../../ScrollerProject/Content/models/rewards/reward.uasset" 489
"../../../ScrollerProject/Content/models/dog_stickers/UV_pirate_doggo.uasset" 490
"../../../ScrollerProject/Content/models/dog_stickers/pirate_doggo1.uasset" 491
"../../../ScrollerProject/Content/models/dog_stickers/pirate_doggo.uasset" 492
"../../../ScrollerProject/Content/SideScrollerBP/bps/dog_sticker.uasset" 493
"../../../Engine/Content/BasicShapes/Sphere.uasset" 494
"../../../ScrollerProject/Content/SideScrollerBP/bps/eyeball_spawn.uasset" 495
"../../../ScrollerProject/Content/SideScrollerBP/bps/eyeball_enemy.uasset" 496
"../../../ScrollerProject/Content/SideScrollerBP/bps/Foam_stickers.uasset" 497
"../../../ScrollerProject/Content/student/humanblend_Skeleton.uasset" 498
"../../../ScrollerProject/Content/student/humanblend_Anim.uasset" 499
"../../../ScrollerProject/Content/student/humancheer_Anim_student1_yaay.uasset" 500
"../../../ScrollerProject/Content/student/humannpc.uasset" 501
"../../../ScrollerProject/Content/particles/character/paperTexture.uasset" 502
"../../../ScrollerProject/Content/particles/character/paperMaterial.uasset" 503
"../../../ScrollerProject/Content/models/paper/paper_Plane002.uasset" 504
"../../../ScrollerProject/Content/models/paper/paper_Plane003.uasset" 505
"../../../ScrollerProject/Content/models/paper/paper_Plane004.uasset" 506
"../../../ScrollerProject/Content/models/paper/paper_Plane005.uasset" 507
"../../../ScrollerProject/Content/models/paper/paper_Plane006.uasset" 508
"../../../ScrollerProject/Content/particles/character/paper.uasset" 509
"../../../ScrollerProject/Content/particles/character/Heart.uasset" 510
"../../../ScrollerProject/Content/particles/character/HeartInvNormal.uasset" 511
"../../../ScrollerProject/Content/particles/character/HeartMask.uasset" 512
"../../../ScrollerProject/Content/particles/character/NewMaterial.uasset" 513
"../../../ScrollerProject/Content/particles/character/student.uasset" 514
"../../../ScrollerProject/Content/particles/character/zs.uasset" 515
"../../../ScrollerProject/Content/particles/character/zsMask.uasset" 516
"../../../ScrollerProject/Content/particles/character/zeezzz.uasset" 517
"../../../ScrollerProject/Content/particles/character/zeeeezzzzzz.uasset" 518
"../../../ScrollerProject/Content/student/eyelashes03.uasset" 519
"../../../ScrollerProject/Content/student/bodyMaterial.uasset" 520
"../../../ScrollerProject/Content/student/DefaultSkin.uasset" 521
"../../../ScrollerProject/Content/student/brown_eye.uasset" 522
"../../../ScrollerProject/Content/student/Eye_brown.uasset" 523
"../../../ScrollerProject/Content/student/eyebrow002.uasset" 524
"../../../ScrollerProject/Content/student/eyebrow001.uasset" 525
"../../../ScrollerProject/Content/student/female_casualsuit01_diffuse.uasset" 526
"../../../ScrollerProject/Content/student/female_casualsuit01.uasset" 527
"../../../ScrollerProject/Content/student/long01_diffuse.uasset" 528
"../../../ScrollerProject/Content/student/long01.uasset" 529
"../../../ScrollerProject/Content/student/ragdoll_Physics.uasset" 530
"../../../ScrollerProject/Content/student/ragdoll.uasset" 531
"../../../ScrollerProject/Content/student/Human.uasset" 532
"../../../ScrollerProject/Content/Materials/landscape/dirt_LayerInfo.uasset" 533
"../../../ScrollerProject/Content/Materials/landscape/grass_LayerInfo.uasset" 534
"../../../ScrollerProject/Content/Materials/Ceiling/tex_ceiling_2.uasset" 535
"../../../ScrollerProject/Content/Materials/Ceiling/tex_ceiling_3.uasset" 536
"../../../ScrollerProject/Content/Materials/Ceiling/ceiling.uasset" 537
"../../../ScrollerProject/Content/StarterContent/Textures/T_Concrete_Grime_D.uasset" 538
"../../../ScrollerProject/Content/StarterContent/Textures/T_Ground_Grass_D.uasset" 539
"../../../ScrollerProject/Content/StarterContent/Textures/T_Ground_Grass_N.uasset" 540
"../../../ScrollerProject/Content/StarterContent/Textures/T_Rock_Slate_N.uasset" 541
"../../../ScrollerProject/Content/Materials/landscape/landscape.uasset" 542
"../../../ScrollerProject/Content/models/glassWindow/20171027_200235.uasset" 543
"../../../ScrollerProject/Content/models/glassWindow/20171027_200300.uasset" 544
"../../../ScrollerProject/Content/models/glassWindow/Background.uasset" 545
"../../../ScrollerProject/Content/StarterContent/Textures/T_Water_M.uasset" 546
"../../../ScrollerProject/Content/StarterContent/Materials/M_Water_Ocean.uasset" 547
"../../../ScrollerProject/Content/Materials/floor/floor1.uasset" 548
"../../../ScrollerProject/Content/Materials/floor/floor1N.uasset" 549
"../../../ScrollerProject/Content/Materials/floor/NewMaterial.uasset" 550
"../../../ScrollerProject/Content/Materials/floor/floorInstance.uasset" 551
"../../../ScrollerProject/Content/Materials/piller/20171028_140815.uasset" 552
"../../../ScrollerProject/Content/Materials/piller/pillar.uasset" 553
"../../../ScrollerProject/Content/Materials/piller/PillarMat.uasset" 554
"../../../ScrollerProject/Content/Materials/piller/pillarMatInstance.uasset" 555
"../../../Engine/Content/EngineMaterials/DefaultPhysicalMaterial.uasset" 556
"../../../ScrollerProject/Content/Audio/level1-theme/main_theme_with_fadein_fadeout.uasset" 557
"../../../ScrollerProject/Content/Audio/level1-theme/main_theme_with_fadein_fadeout_Cue.uasset" 558
"../../../ScrollerProject/Content/StarterContent/Textures/T_Wood_Oak_D.uasset" 559
"../../../ScrollerProject/Content/StarterContent/Textures/T_Wood_Oak_N.uasset" 560
"../../../ScrollerProject/Content/StarterContent/Materials/M_Wood_Oak.uasset" 561
"../../../ScrollerProject/Content/Materials/redChair/seatRedChair.uasset" 562
"../../../ScrollerProject/Content/Materials/redChair/seatRedChairNormal.uasset" 563
"../../../ScrollerProject/Content/Materials/redChair/nothing.uasset" 564
"../../../ScrollerProject/Content/Materials/redChair/redChairInstance.uasset" 565
"../../../ScrollerProject/Content/models/chair/Seat.uasset" 566
"../../../ScrollerProject/Content/models/chairAndDesk/desktopMaterial.uasset" 567
"../../../ScrollerProject/Content/models/chairAndDesk/meshTile.uasset" 568
"../../../ScrollerProject/Content/models/chairAndDesk/meshTileBlack.uasset" 569
"../../../ScrollerProject/Content/models/chairAndDesk/meshTileMask.uasset" 570
"../../../ScrollerProject/Content/models/chairAndDesk/meshTileNormal.uasset" 571
"../../../ScrollerProject/Content/models/chairAndDesk/meshMetal.uasset" 572
"../../../ScrollerProject/Content/models/chairAndDesk/meshMetalInstance.uasset" 573
"../../../ScrollerProject/Content/StarterContent/Textures/T_Metal_Steel_D.uasset" 574
"../../../ScrollerProject/Content/StarterContent/Textures/T_Metal_Steel_N.uasset" 575
"../../../ScrollerProject/Content/models/chairAndDesk/metalBlack.uasset" 576
"../../../ScrollerProject/Content/models/chairAndDesk/metalBlack_Inst.uasset" 577
"../../../ScrollerProject/Content/models/chairAndDesk/DeskAndChiar.uasset" 578
"../../../ScrollerProject/Content/models/dogStickers/dogSticker3d_Object001.uasset" 579
"../../../ScrollerProject/Content/models/dogStickers/dogSticker3d_Object002.uasset" 580
"../../../ScrollerProject/Content/models/dogStickers/dogSticker3d_Object003.uasset" 581
"../../../ScrollerProject/Content/models/dogStickers/dogSticker3d_Object004.uasset" 582
"../../../ScrollerProject/Content/models/dogStickers/dogSticker3d_Object005.uasset" 583
"../../../ScrollerProject/Content/models/dogStickers/dogSticker3d_Object007.uasset" 584
"../../../ScrollerProject/Content/models/dogStickers/dogSticker3d_Object008.uasset" 585
"../../../ScrollerProject/Content/models/garbageCan/garbage_can_texture.uasset" 586
"../../../ScrollerProject/Content/models/garbageCan/Material__49.uasset" 587
"../../../ScrollerProject/Content/models/garbageCan/garbage_can_final.uasset" 588
"../../../ScrollerProject/Content/Materials/BigSeatingArea/seat.uasset" 589
"../../../ScrollerProject/Content/Materials/BigSeatingArea/seatN.uasset" 590
"../../../ScrollerProject/Content/Materials/BigSeatingArea/seatingAreaMat.uasset" 591
"../../../ScrollerProject/Content/Materials/BigSeatingArea/seatingArea.uasset" 592
"../../../ScrollerProject/Content/models/glassWindow/bench.uasset" 593
"../../../ScrollerProject/Content/StarterContent/Textures/T_Wood_Floor_Walnut_D.uasset" 594
"../../../ScrollerProject/Content/StarterContent/Textures/T_Wood_Floor_Walnut_M.uasset" 595
"../../../ScrollerProject/Content/StarterContent/Textures/T_Wood_Floor_Walnut_N.uasset" 596
"../../../ScrollerProject/Content/StarterContent/Materials/M_Wood_Floor_Walnut_Polished.uasset" 597
"../../../ScrollerProject/Content/models/glassWindow/LeaningRail.uasset" 598
"../../../ScrollerProject/Content/Geometry/Meshes/CubeMaterial.uasset" 599
"../../../ScrollerProject/Content/StarterContent/Textures/T_Concrete_Panels_D.uasset" 600
"../../../ScrollerProject/Content/StarterContent/Textures/T_Concrete_Panels_N.uasset" 601
"../../../ScrollerProject/Content/StarterContent/Materials/M_Concrete_Panels.uasset" 602
"../../../ScrollerProject/Content/StarterContent/Materials/M_Metal_Steel.uasset" 603
"../../../ScrollerProject/Content/models/glassWindow/newWindowWithHeater.uasset" 604
"../../../ScrollerProject/Content/models/glassWindow/pillar.uasset" 605
"../../../ScrollerProject/Content/models/glassWindow/ui.uasset" 606
"../../../ScrollerProject/Content/models/glassWindow/windowDoor.uasset" 607
"../../../ScrollerProject/Content/models/Seat/legs_material.uasset" 608
"../../../ScrollerProject/Content/models/Seat/cushion.uasset" 609
"../../../ScrollerProject/Content/models/Seat/cushion_material.uasset" 610
"../../../ScrollerProject/Content/models/Seat/cushion_instance.uasset" 611
"../../../ScrollerProject/Content/models/Seat/table_texture.uasset" 612
"../../../ScrollerProject/Content/models/Seat/table_material.uasset" 613
"../../../ScrollerProject/Content/models/Seat/table_instance.uasset" 614
"../../../ScrollerProject/Content/models/Seat/seat.uasset" 615
"../../../ScrollerProject/Content/quartercircletable/Material__49.uasset" 616
"../../../ScrollerProject/Content/quartercircletable/table_texture.uasset" 617
"../../../ScrollerProject/Content/quartercircletable/Material__47.uasset" 618
"../../../ScrollerProject/Content/quartercircletable/Material__47_Inst.uasset" 619
"../../../ScrollerProject/Content/quartercircletable/quartercircletable_model.uasset" 620
"../../../ScrollerProject/Content/SideScrollerBP/Widgets/foam_sticker_ui.uasset" 621
"../../../ScrollerProject/Content/SideScrollerBP/Widgets/foam_sticker_ui_3.uasset" 622
"../../../ScrollerProject/Content/SideScrollerBP/Widgets/foam_sticker_ui_5.uasset" 623
"../../../ScrollerProject/Content/SideScrollerBP/Widgets/foam_sticker_ui_6.uasset" 624
"../../../ScrollerProject/Content/SideScrollerBP/Widgets/foam_sticker_ui_7.uasset" 625
"../../../ScrollerProject/Content/SideScrollerBP/Widgets/foam_sticker_ui_8.uasset" 626
"../../../ScrollerProject/Content/SideScrollerBP/Widgets/foam_sticker_ui_9.uasset" 627
"../../../ScrollerProject/Content/SideScrollerBP/Maps/current_copy1.umap" 628
"../../../ScrollerProject/Content/models/computerDesk/Monitor_texture.uasset" 629
"../../../ScrollerProject/Content/models/computerDesk/MonitorMaterial.uasset" 630
"../../../ScrollerProject/Content/models/computerDesk/Wacom.uasset" 631
"../../../ScrollerProject/Content/models/computerDesk/wacomButtons.uasset" 632
"../../../ScrollerProject/Content/models/computerDesk/Material__35.uasset" 633
"../../../ScrollerProject/Content/models/computerDesk/desktopCounterTopTexture.uasset" 634
"../../../ScrollerProject/Content/models/computerDesk/Material__34.uasset" 635
"../../../ScrollerProject/Content/models/computerDesk/counterTopMaterialInstance.uasset" 636
"../../../ScrollerProject/Content/models/computerDesk/desk.uasset" 637
"../../../ScrollerProject/Content/models/computerDesk/Monitor_final.uasset" 638
"../../../ScrollerProject/Content/models/computerDesk/mouse.uasset" 639
"../../../ScrollerProject/Content/models/keyboard/keyBoardAttatchedKeys.uasset" 640
"../../../ScrollerProject/Content/Materials/pc_tower/pc_tower_normals.uasset" 641
"../../../ScrollerProject/Content/Materials/pc_tower/pc_tower_uv.uasset" 642
"../../../ScrollerProject/Content/Materials/pc_tower/pc_tower_material.uasset" 643
"../../../ScrollerProject/Content/models/pc_tower/tower.uasset" 644
"../../../ScrollerProject/Content/models/wacom/wacom.uasset" 645
"../../../ScrollerProject/Content/models/computerDesk/deskWithEverything.uasset" 646
"../../../ScrollerProject/Content/models/duct/ductVentCoverMaterial.uasset" 647
"../../../ScrollerProject/Content/models/duct/ducting_vent_cover.uasset" 648
"../../../ScrollerProject/Content/models/duct/fallingVentCover.uasset" 649
"../../../ScrollerProject/Content/models/light/Finish_Paint_-_Varnish.uasset" 650
"../../../ScrollerProject/Content/models/roofPanelsLight/LightMaterial.uasset" 651
"../../../ScrollerProject/Content/models/light/lights.uasset" 652
"../../../ScrollerProject/Content/models/light/light.uasset" 653
"../../../ScrollerProject/Content/SideScrollerBP/Maps/Lab_copy_michelle_BuiltData.uasset" 654
"../../../ScrollerProject/Content/models/boards/whiteBoardMaterial.uasset" 655
"../../../ScrollerProject/Content/models/duct/ductMaterial.uasset" 656
"../../../ScrollerProject/Content/models/labWallStuff/homeworl.uasset" 657
"../../../ScrollerProject/Content/models/labWallStuff/homewworkmask.uasset" 658
"../../../ScrollerProject/Content/models/labWallStuff/homwworkMessage.uasset" 659
"../../../ScrollerProject/Content/models/labWallStuff/20171103_184143.uasset" 660
"../../../ScrollerProject/Content/models/labWallStuff/lightSwitchmask.uasset" 661
"../../../ScrollerProject/Content/models/labWallStuff/lightSwitch.uasset" 662
"../../../ScrollerProject/Content/models/labWallStuff/20171103_184137.uasset" 663
"../../../ScrollerProject/Content/models/labWallStuff/WallPenMask.uasset" 664
"../../../ScrollerProject/Content/models/labWallStuff/penonWall.uasset" 665
"../../../ScrollerProject/Content/models/labWallStuff/20171103_184207.uasset" 666
"../../../ScrollerProject/Content/models/labWallStuff/postermask.uasset" 667
"../../../ScrollerProject/Content/models/labWallStuff/poster.uasset" 668
"../../../ScrollerProject/Content/models/labWallStuff/20171103_184158.uasset" 669
"../../../ScrollerProject/Content/models/labWallStuff/3paperMask.uasset" 670
"../../../ScrollerProject/Content/models/labWallStuff/threepapers.uasset" 671
"../../../ScrollerProject/Content/StarterContent/Textures/T_Metal_Aluminum_D.uasset" 672
"../../../ScrollerProject/Content/StarterContent/Textures/T_Metal_Gold_N.uasset" 673
"../../../ScrollerProject/Content/models/roofPanelsLight/Material__47.uasset" 674
"../../../ScrollerProject/Content/models/wallPlane/wallMaterial.uasset" 675
"../../../ScrollerProject/Content/StarterContent/Materials/M_Glass.uasset" 676
"../../../ScrollerProject/Content/StarterContent/Textures/T_Metal_Copper_D.uasset" 677
"../../../ScrollerProject/Content/StarterContent/Materials/M_Metal_Copper.uasset" 678
"../../../ScrollerProject/Content/Materials/floor/CarpetTexture.uasset" 679
"../../../ScrollerProject/Content/Materials/floor/floorCarpetLab.uasset" 680
"../../../ScrollerProject/Content/Materials/floor/floorCarpetLabInstance.uasset" 681
"../../../ScrollerProject/Content/models/boards/pinboard.uasset" 682
"../../../ScrollerProject/Content/models/boards/pinBoardNormal.uasset" 683
"../../../ScrollerProject/Content/models/boards/NewMaterial.uasset" 684
"../../../ScrollerProject/Content/models/boards/pinBoardMaterialInstance.uasset" 685
"../../../ScrollerProject/Content/models/roofPanelsLight/whiteboard.uasset" 686
"../../../ScrollerProject/Content/StarterContent/Textures/T_Wood_Pine_D.uasset" 687
"../../../ScrollerProject/Content/StarterContent/Textures/T_Wood_Pine_N.uasset" 688
"../../../ScrollerProject/Content/StarterContent/Materials/M_Wood_Pine.uasset" 689
"../../../ScrollerProject/Content/StarterContent/Materials/pineInstance.uasset" 690
"../../../ScrollerProject/Content/Audio/level2-theme/boss_theme.uasset" 691
"../../../ScrollerProject/Content/Audio/level2-theme/boss_theme_Cue.uasset" 692
"../../../ScrollerProject/Content/models/boards/Material__97_Slot__3.uasset" 693
"../../../ScrollerProject/Content/models/boards/Material__97_Slot__4.uasset" 694
"../../../ScrollerProject/Content/models/boards/Material__97_Slot__5.uasset" 695
"../../../ScrollerProject/Content/models/boards/Material__97_Slot__6.uasset" 696
"../../../ScrollerProject/Content/models/boards/4by12WhiteBoard.uasset" 697
"../../../ScrollerProject/Content/models/boards/4by4Board.uasset" 698
"../../../ScrollerProject/Content/models/boards/4by8Board.uasset" 699
"../../../ScrollerProject/Content/models/boards/whiteBoardBack.uasset" 700
"../../../ScrollerProject/Content/models/computerDesk/DeskDividerThing.uasset" 701
"../../../ScrollerProject/Content/models/duct/ducting_downPipe.uasset" 702
"../../../ScrollerProject/Content/models/duct/ducting_nonWalkablePipe.uasset" 703
"../../../ScrollerProject/Content/models/duct/ducting_ventBigToSmall.uasset" 704
"../../../ScrollerProject/Content/models/duct/ducting_ventBox.uasset" 705
"../../../ScrollerProject/Content/models/duct/ducting_walkable_i_e.uasset" 706
"../../../ScrollerProject/Content/models/glassWindow/uiBossFight.uasset" 707
"../../../ScrollerProject/Content/models/labDoor/doorFrameMat.uasset" 708
"../../../ScrollerProject/Content/models/labDoor/LabDoorGlass.uasset" 709
"../../../ScrollerProject/Content/models/labDoor/labDoorMaterial.uasset" 710
"../../../ScrollerProject/Content/models/labDoor/LabWallMaterial.uasset" 711
"../../../ScrollerProject/Content/models/labDoor/labDoor.uasset" 712
"../../../ScrollerProject/Content/models/roofPanel/roofPaint.uasset" 713
"../../../ScrollerProject/Content/models/roofPanel/roofPanels.uasset" 714
"../../../ScrollerProject/Content/models/roofPanelsLight/tillingTileTexture.uasset" 715
"../../../ScrollerProject/Content/models/roofPanelsLight/Material__34.uasset" 716
"../../../ScrollerProject/Content/models/roofPanelsLight/roofPanel.uasset" 717
"../../../ScrollerProject/Content/models/wallPlane/Material__120.uasset" 718
"../../../ScrollerProject/Content/models/wallPlane/Material__73.uasset" 719
"../../../ScrollerProject/Content/models/wallPlane/Material__85.uasset" 720
"../../../ScrollerProject/Content/models/wallPlane/newlabwall.uasset" 721
"../../../ScrollerProject/Content/SideScrollerBP/Maps/Lab_copy_michelle.umap" 722
"../../../Engine/Content/Maps/Entry.umap" 723
